Progress Logs
-------------
Sensors With Data in Time Range: 1
Sensors Without Data in Time Range: 0

Sensors Not Found: 0
Invalid Sensor Indexes: 0
Sensor Indexes Encountering Other Errors: 0
Sensor Indexes Not Processed: 0

Start Timestamp: 2025-04-14T00:00:00-04:00
End Timestamp: 2025-04-30T00:00:00-04:00
Average: 10
Fields: temperature
Total Data Rows Downloaded: 2218

Number of Sensors: 1
Number of Read Keys: 0

-------------
Sensor Indexes Not Found:


Invalid Sensor Indexes:


Sensors Without Any Data For Specified Time Period:


Sensors Where No Download Was Attempted Yet Due to Process Being Aborted:


Aborted on Sensors:


Sensors With Number of Downloaded Data Rows:
247361 : 2218 data rows
  

-------------
Starting requests for sensor 247361.
Making request 1 from 2025-04-14 to 2025-04-30
Data download completed for sensor 247361. Downloaded 2218 rows of data.


Download request has been completed. Scroll down for a summary:
--------------------------------------
