Progress Logs
-------------
Sensors With Data in Time Range: 1
Sensors Without Data in Time Range: 0

Sensors Not Found: 0
Invalid Sensor Indexes: 0
Sensor Indexes Encountering Other Errors: 0
Sensor Indexes Not Processed: 0

Start Timestamp: 2025-04-02T00:00:00Z
End Timestamp: 2025-04-17T00:00:00Z
Average: 10
Fields: temperature,humidity
Total Data Rows Downloaded: 2153

Number of Sensors: 1
Number of Read Keys: 0

-------------
Sensor Indexes Not Found:


Invalid Sensor Indexes:


Sensors Without Any Data For Specified Time Period:


Sensors Where No Download Was Attempted Yet Due to Process Being Aborted:


Aborted on Sensors:


Sensors With Number of Downloaded Data Rows:
247361 : 2153 data rows
  

-------------
Starting requests for sensor 247361.
Making request 1 from 2025-04-02 to 2025-04-17
Data download completed for sensor 247361. Downloaded 2153 rows of data.


Download request has been completed. Scroll down for a summary:
--------------------------------------
